p/IMG_20221027_101518.jpg 1 0 0 576 576
p/IMG_20221027_101514.jpg 1 0 0 576 576
p/IMG_20221027_101511.jpg 1 0 0 576 576
p/IMG_20221027_101508.jpg 1 0 0 576 576
p/IMG_20221027_101504.jpg 1 0 0 576 576
p/IMG_20221027_101459.jpg 1 0 0 576 576
p/IMG_20221027_101453.jpg 1 0 0 576 576
p/IMG_20221027_101450.jpg 1 0 0 576 576
p/IMG_20221027_101447.jpg 1 0 0 576 576
p/IMG_20221027_101444.jpg 1 0 0 576 576
p/IMG_20221027_101440.jpg 1 0 0 576 576
p/IMG_20221027_101434.jpg 1 0 0 576 576
p/IMG_20221027_101431.jpg 1 0 0 576 576
p/IMG_20221027_101428.jpg 1 0 0 576 576
p/IMG_20221027_101423.jpg 1 0 0 576 576
p/IMG_20221027_101416.jpg 1 0 0 576 576
p/IMG_20221027_101356.jpg 1 0 0 576 576
p/IMG_20221027_101352.jpg 1 0 0 576 576
p/IMG_20221027_101348.jpg 1 0 0 576 576
p/IMG_20221027_101343.jpg 1 0 0 576 576
p/IMG_20221027_101338.jpg 1 0 0 576 576
p/IMG_20221027_101329.jpg 1 0 0 576 576
p/sdgbfgn.jpg 1 0 0 576 576
p/rgsgs.jpg 1 0 0 576 576
p/pelota.jpg 1 0 0 576 576
p/ndfgs.jpg 1 0 0 576 576
p/ghdfs.jpg 1 0 0 576 576
p/fsdgsgs.jpg 1 0 0 576 576
p/dfsdfsgf.jpg 1 0 0 576 576
p/bhdhbdfgs.jpg 1 0 0 576 576
p/bfbdfbnd.jpg 1 0 0 576 576
p/wp3088653.jpg 1 0 0 576 576
p/thumb-1920-421343.jpg 1 0 0 576 576
p/images555.jpg 1 0 0 576 576
p/1666832438627.jpg 1 0 0 576 576
p/1666832438626.jpg 1 0 0 576 576
p/1666832438625.jpg 1 0 0 576 576
p/1666832438624.jpg 1 0 0 576 576
p/1666832438623.jpg 1 0 0 576 576
p/1666832438622.jpg 1 0 0 576 576
p/1666832438621.jpg 1 0 0 576 576
p/1666832438620.jpg 1 0 0 576 576
p/HD-wallpaper-green-tennis-ball-on-ground.jpg 1 0 0 576 576
p/fantasy-tennis-ball-green-round-illustration-wallpaper-preview.jpg 1 0 0 576 576
p/6277667d13a5d6b2a15f8ce3d8f87c8a.jpg 1 0 0 576 576
p/IMG_20221026_184240.jpg 1 0 0 576 576
p/ball-1551463__340.jpg 1 0 0 576 576
p/1666825009319.jpg 1 0 0 576 576
p/1666824988038.jpg 1 0 0 576 576
p/1666824988036.jpg 1 0 0 576 576
p/1666824988035.jpg 1 0 0 576 576
p/1666813256875.jpg 1 0 0 576 576
p/1666813256874.jpg 1 0 0 576 576
p/32575824_m-1-e1599605296445.jpg 1 0 0 576 576
p/6308e946ea5eb.jpeg 1 0 0 576 576
p/1200px-Closeup_of_a_tennis_ball_(2).jpg 1 0 0 576 576
p/IMG_20221026_191046.jpg 1 0 0 576 576
p/IMG_20221026_191033.jpg 1 0 0 576 576
p/IMG_20221026_191012.jpg 1 0 0 576 576
p/IMG_20221026_190957.jpg 1 0 0 576 576
p/IMG_20221026_190914.jpg 1 0 0 576 576
p/IMG_20221026_190906.jpg 1 0 0 576 576
p/IMG_20221026_190855.jpg 1 0 0 576 576
p/1666826089900.jpg 1 0 0 576 576
p/IMG_20221026_184055.jpg 1 0 0 576 576
p/IMG_20221026_184212.jpg 1 0 0 576 576
p/IMG_20221026_183853.jpg 1 0 0 576 576
p/WIN_20221026_18_09_54_Pro.jpg 1 0 0 576 576
p/WIN_20221026_18_09_38_Pro.jpg 1 0 0 576 576
p/1666826089899.jpg 1 0 0 576 576
p/IMG_20221026_184118.jpg 1 0 0 576 576
p/WIN_20221026_18_09_37_Pro.jpg 1 0 0 576 576
p/1666826089901.jpg 1 0 0 576 576
p/IMG_20221026_184147.jpg 1 0 0 576 576
p/DSC_0001.jpg 1 0 0 576 576
p/depositphotos_10952349-stock-photo-tennis-ball-smoking.jpg 1 0 0 576 576
p/D_NQ_NP_705273-MCO42716504253_072020-V.jpg 1 0 0 576 576
p/tennis-messenger.png 1 0 0 576 576
p/tennis-gb49766a4a_1920.jpg 1 0 0 576 576
p/tennis-ball-cartoon-object-vector.jpg 1 0 0 576 576
p/pelotas-de-tenis-para-perros.jpeg 1 0 0 576 576
p/pelota-de-tenis-rebote.jpg 1 0 0 576 576
p/pelota-de-tenis-en-una-cancha-de-tenis-e4xmag.jpg 1 0 0 576 576
p/pelota-de-tenis-en-la-linea-recortada-iStock-871413098.jpg 1 0 0 576 576
p/istockphoto-1318964976-640x640.jpg 1 0 0 576 576
p/istockphoto-903596426-612x612.jpg 1 0 0 576 576
p/istockphoto-466091549-640x640.jpg 1 0 0 576 576
p/images.jpg 1 0 0 576 576
p/equipo-de-deporte-de-las-pelotas-de-tenis-en-blanco-98332206.jpg 1 0 0 576 576